This file contains any messages produced by compilers while
running configure, to aid debugging if configure makes a mistake.

It was created by uutil configure 0.1, which was
generated by GNU Autoconf 2.53.  Invocation command line was

  $ ./configure --with-tcl=../dq/dqkit/build/hesuscf/tcl

## --------- ##
## Platform. ##
## --------- ##

hostname = hesuscf
uname -m = i686
uname -r = 2.4.22-vm
uname -s = Linux
uname -v = #2 Sat Dec 20 15:33:29 CET 2003

/usr/bin/uname -p = unknown
/bin/uname -X     = unknown

/bin/arch              = i686
/usr/bin/arch -k       = unknown
/usr/convex/getsysinfo = unknown
hostinfo               = unknown
/bin/machine           = unknown
/usr/bin/oslevel       = unknown
/bin/universe          = unknown

PATH: /usr/local/sbin
PATH: /usr/local/bin
PATH: /usr/sbin
PATH: /usr/bin
PATH: /sbin
PATH: /bin
PATH: /usr/bin/X11


## ----------- ##
## Core tests. ##
## ----------- ##

configure:1218: checking for correct TEA configuration
configure:1237: result: ok
configure:1357: checking for Tcl configuration
configure:1429: result: found /usr/src/dq/dqkit/build/hesuscf/tcl/tclConfig.sh
configure:1435: checking for existence of /usr/src/dq/dqkit/build/hesuscf/tcl/tclConfig.sh
configure:1439: result: loading
configure:1513: WARNING: --prefix defaulting to TCL_PREFIX ../../../noarch
configure:1522: WARNING: --exec-prefix defaulting to TCL_EXEC_PREFIX ../../../install/hesuscf
configure:1594: checking for gcc
configure:1610: found /usr/bin/gcc
configure:1620: result: gcc
configure:1864: checking for C compiler version
configure:1867: gcc --version </dev/null >&5
2.95.4
configure:1870: $? = 0
configure:1872: gcc -v </dev/null >&5
Reading specs from /usr/lib/gcc-lib/i386-linux/2.95.4/specs
gcc version 2.95.4 20011002 (Debian prerelease)
configure:1875: $? = 0
configure:1877: gcc -V </dev/null >&5
gcc: argument to `-V' is missing
configure:1880: $? = 1
configure:1906: checking for C compiler default output
configure:1909: gcc    conftest.c  >&5
configure:1912: $? = 0
configure:1945: result: a.out
configure:1950: checking whether the C compiler works
configure:1956: ./a.out
configure:1959: $? = 0
configure:1974: result: yes
configure:1981: checking whether we are cross compiling
configure:1983: result: no
configure:1986: checking for suffix of executables
configure:1988: gcc -o conftest    conftest.c  >&5
configure:1991: $? = 0
configure:2013: result: 
configure:2019: checking for suffix of object files
configure:2043: gcc -c   conftest.c >&5
configure:2046: $? = 0
configure:2065: result: o
configure:2069: checking whether we are using the GNU C compiler
configure:2096: gcc -c   conftest.c >&5
configure:2099: $? = 0
configure:2102: test -s conftest.o
configure:2105: $? = 0
configure:2117: result: yes
configure:2123: checking whether gcc accepts -g
configure:2147: gcc -c -g  conftest.c >&5
configure:2150: $? = 0
configure:2153: test -s conftest.o
configure:2156: $? = 0
configure:2166: result: yes
configure:2193: gcc -c   conftest.c >&5
conftest.c:2: parse error before `me'
configure:2196: $? = 1
configure: failed program was:
#ifndef __cplusplus
  choke me
#endif
configure:2311: checking how to run the C preprocessor
configure:2337: gcc -E  conftest.c
configure:2343: $? = 0
configure:2370: gcc -E  conftest.c
configure:2366: ac_nonexistent.h: No such file or directory
configure:2376: $? = 1
configure: failed program was:
#line 2365 "configure"
#include "confdefs.h"
#include <ac_nonexistent.h>
configure:2413: result: gcc -E
configure:2428: gcc -E  conftest.c

## ---------------- ##
## Cache variables. ##
## ---------------- ##

ac_cv_c_compiler_gnu=yes
ac_cv_c_tclconfig=/usr/src/dq/dqkit/build/hesuscf/tcl
ac_cv_env_CC_set=
ac_cv_env_CC_value=
ac_cv_env_CFLAGS_set=
ac_cv_env_CFLAGS_value=
ac_cv_env_CPPFLAGS_set=
ac_cv_env_CPPFLAGS_value=
ac_cv_env_CPP_set=
ac_cv_env_CPP_value=
ac_cv_env_LDFLAGS_set=
ac_cv_env_LDFLAGS_value=
ac_cv_env_build_alias_set=
ac_cv_env_build_alias_value=
ac_cv_env_host_alias_set=
ac_cv_env_host_alias_value=
ac_cv_env_target_alias_set=
ac_cv_env_target_alias_value=
ac_cv_exeext=
ac_cv_objext=o
ac_cv_prog_CPP='gcc -E'
ac_cv_prog_ac_ct_CC=gcc
ac_cv_prog_cc_g=yes

## ----------- ##
## confdefs.h. ##
## ----------- ##

#define PACKAGE_NAME "uutil"
#define PACKAGE_TARNAME "uutil"
#define PACKAGE_VERSION "0.1"
#define PACKAGE_STRING "uutil 0.1"
#define PACKAGE_BUGREPORT ""

configure: caught signal 2
configure: exit 1
