The system is: Windows - 6.1.7601 - AMD64
Determining if the C compiler works passed with the following output:
Change Dir: C:/user/SASfitGit/buildCygwin/CMakeFiles/CMakeTmp

Run Build Command:"C:/cygwin64/bin/make.exe" "cmTC_1cb3e/fast"
/usr/bin/make -f CMakeFiles/cmTC_1cb3e.dir/build.make CMakeFiles/cmTC_1cb3e.dir/build
make[1]: Entering directory '/cygdrive/c/user/SASfitGit/buildCygwin/CMakeFiles/CMakeTmp'
Building C object CMakeFiles/cmTC_1cb3e.dir/testCCompiler.c.obj
C:/cygwin64/bin/cc    -o CMakeFiles/cmTC_1cb3e.dir/testCCompiler.c.obj   -c C:/user/SASfitGit/buildCygwin/CMakeFiles/CMakeTmp/testCCompiler.c
Linking C executable cmTC_1cb3e.exe
C:/cygwin64/bin/cc      "CMakeFiles/cmTC_1cb3e.dir/testCCompiler.c.obj"   -o cmTC_1cb3e.exe 
make[1]: Leaving directory '/cygdrive/c/user/SASfitGit/buildCygwin/CMakeFiles/CMakeTmp'


Detecting C compiler ABI info compiled with the following output:
Change Dir: C:/user/SASfitGit/buildCygwin/CMakeFiles/CMakeTmp

Run Build Command:"C:/cygwin64/bin/make.exe" "cmTC_ca2c1/fast"
/usr/bin/make -f CMakeFiles/cmTC_ca2c1.dir/build.make CMakeFiles/cmTC_ca2c1.dir/build
make[1]: Entering directory '/cygdrive/c/user/SASfitGit/buildCygwin/CMakeFiles/CMakeTmp'
Building C object CMakeFiles/cmTC_ca2c1.dir/CMakeCCompilerABI.c.obj
C:/cygwin64/bin/cc    -o CMakeFiles/cmTC_ca2c1.dir/CMakeCCompilerABI.c.obj   -c "C:/Program Files/CMake/share/cmake-3.8/Modules/CMakeCCompilerABI.c"
Linking C executable cmTC_ca2c1.exe
C:/cygwin64/bin/cc      "CMakeFiles/cmTC_ca2c1.dir/CMakeCCompilerABI.c.obj"   -o cmTC_ca2c1.exe 
make[1]: Leaving directory '/cygdrive/c/user/SASfitGit/buildCygwin/CMakeFiles/CMakeTmp'


