i h[i] Ith[i] res[i]
0 0.004016 45863903.535017 0.000000
1 0.004541 45856081.180733 0.000000
2 0.005010 45848289.562606 0.000000
3 0.005523 45838872.823577 0.000000
4 0.005985 45829630.440248 0.000000
5 0.006531 45817744.817546 0.000000
6 0.007070 45804999.843221 0.000000
7 0.007642 45790362.954877 0.000000
8 0.008160 45776142.569393 0.000000
9 0.008651 45761812.979584 0.000000
10 0.009354 45739813.514065 0.000000
11 0.010038 45716804.347180 0.000000
12 0.010495 45700504.092105 0.000000
13 0.011478 45663062.929406 0.000000
14 0.011993 45642096.999054 0.000000
15 0.013163 45591132.267225 0.000000
16 0.014131 45545453.815863 0.000000
17 0.015376 45481987.470688 0.000000
18 0.016275 45432859.618721 0.000000
19 0.017083 45386447.750568 0.000000
20 0.018146 45321921.509801 0.000000
21 0.018967 45269533.582213 0.000000
22 0.020318 45178435.596271 0.000000
23 0.022039 45053639.804801 0.000000
24 0.023704 44923558.153989 0.000000
25 0.024299 44874840.525064 0.000000
26 0.025017 44814613.828335 0.000000
27 0.026156 44715583.911705 0.000000
28 0.027320 44610073.223918 0.000000
29 0.028559 44492972.580604 0.000000
30 0.030458 44304118.481446 0.000000
31 0.031378 44208553.900848 0.000000
32 0.033449 43983766.191562 0.000000
33 0.035090 43796410.614814 0.000000
34 0.037365 43523302.950095 0.000000
35 0.037524 43503621.280639 0.000000
36 0.040190 43162861.569634 0.000000
37 0.042276 42881951.198238 0.000000
38 0.044563 42559812.125023 0.000000
39 0.045356 42444869.330246 0.000000
40 0.047022 42197630.676449 0.000000
41 0.049002 41894227.865369 0.000000
42 0.051084 41564182.799975 0.000000
43 0.051397 41513547.016227 0.000000
44 0.052541 41326595.234930 0.000000
45 0.054909 40929393.044527 0.000000
46 0.056582 40640689.665556 0.000000
47 0.057633 40456041.265172 0.000000
48 0.059834 40060937.737004 0.000000
49 0.064689 39152177.703433 0.000000
50 0.067027 38697226.598090 0.000000
51 0.072306 37631846.655614 0.000000
52 0.075133 37041130.848009 0.000000
53 0.078039 36420569.795051 0.000000
54 0.079841 36029389.960411 0.000000
55 0.085350 34806254.971823 0.000000
56 0.087942 34217811.779080 0.000000
57 0.093216 32999161.472283 0.000000
58 0.093915 32835590.539617 0.000000
59 0.100531 31270618.426745 0.000000
60 0.107851 29511370.058647 0.000000
61 0.112229 28451245.477433 0.000000
62 0.120717 26393543.545610 0.000000
63 0.127459 24768647.120532 0.000000
64 0.136140 22706538.517058 0.000000
65 0.139571 21904999.418518 0.000000
66 0.144719 20720324.057394 0.000000
67 0.154472 18567873.016492 0.000000
68 0.158125 17783107.061440 0.000000
69 0.165050 16340539.966780 0.000000
70 0.171741 15006302.552165 0.000000
71 0.171708 15012770.801613 0.000000
72 0.173234 14717067.651601 0.000000
73 0.181714 13134861.930963 0.000000
74 0.193438 11124674.010049 0.000000
75 0.204874 9367994.471867 0.000000
76 0.208555 8845658.256105 0.000000
77 0.216523 7786041.393670 0.000000
78 0.224019 6876509.880563 0.000000
79 0.241960 5026395.899754 0.000000
80 0.248535 4456541.547050 0.000000
81 0.263082 3382041.808135 0.000000
82 0.274137 2720286.819699 0.000000
83 0.286920 2097815.747065 0.000000
84 0.307844 1358896.661576 0.000000
85 0.319146 1074292.460699 0.000000
86 0.348665 599055.064166 0.000000
87 0.349388 591133.403279 0.000000
88 0.367550 433457.222078 0.000000
89 0.375345 385907.966094 0.000000
90 0.385030 338618.809961 0.000000
