Compiling the C compiler identification source file "CMakeCCompilerId.c" failed.
Compiler: c:/MinGW/bin/gcc.exe 
Build flags: 
Id flags: 

The output was:
1


Compiling the C compiler identification source file "CMakeCCompilerId.c" failed.
Compiler: c:/MinGW/bin/gcc.exe 
Build flags: 
Id flags: -c

The output was:
1


Compiling the C compiler identification source file "CMakeCCompilerId.c" failed.
Compiler: c:/MinGW/bin/gcc.exe 
Build flags: 
Id flags: -Aa

The output was:
1


Checking whether the C compiler is IAR using "" did not match "IAR .+ Compiler":
gcc.exe: fatal error: no input files
compilation terminated.
Determining if the C compiler works failed with the following output:
Change Dir: C:/user/SASfitGit/buildCL/CMakeFiles/CMakeTmp

Run Build Command:"c:/MinGW/bin/mingw32-make.exe" "cmTC_59a03/fast"
c:/MinGW/bin/mingw32-make.exe -f CMakeFiles\cmTC_59a03.dir\build.make CMakeFiles/cmTC_59a03.dir/build
mingw32-make.exe[1]: Entering directory 'C:/user/SASfitGit/buildCL/CMakeFiles/CMakeTmp'
Building C object CMakeFiles/cmTC_59a03.dir/testCCompiler.c.obj
c:\MinGW\bin\gcc.exe    -o CMakeFiles\cmTC_59a03.dir\testCCompiler.c.obj   -c C:\user\SASfitGit\buildCL\CMakeFiles\CMakeTmp\testCCompiler.c
CMakeFiles\cmTC_59a03.dir\build.make:64: recipe for target 'CMakeFiles/cmTC_59a03.dir/testCCompiler.c.obj' failed
mingw32-make.exe[1]: *** [CMakeFiles/cmTC_59a03.dir/testCCompiler.c.obj] Error 1
mingw32-make.exe[1]: Leaving directory 'C:/user/SASfitGit/buildCL/CMakeFiles/CMakeTmp'
mingw32-make.exe: *** [cmTC_59a03/fast] Error 2
Makefile:125: recipe for target 'cmTC_59a03/fast' failed


Compiling the C compiler identification source file "CMakeCCompilerId.c" failed.
Compiler: c:/MinGW/bin/gcc.exe 
Build flags: 
Id flags: 

The output was:
1


Compiling the C compiler identification source file "CMakeCCompilerId.c" failed.
Compiler: c:/MinGW/bin/gcc.exe 
Build flags: 
Id flags: -c

The output was:
1


Compiling the C compiler identification source file "CMakeCCompilerId.c" failed.
Compiler: c:/MinGW/bin/gcc.exe 
Build flags: 
Id flags: -Aa

The output was:
1


Checking whether the C compiler is IAR using "" did not match "IAR .+ Compiler":
gcc.exe: fatal error: no input files
compilation terminated.
Determining if the C compiler works failed with the following output:
Change Dir: C:/user/SASfitGit/buildCL/CMakeFiles/CMakeTmp

Run Build Command:"c:/MinGW/bin/mingw32-make.exe" "cmTC_016cc/fast"
c:/MinGW/bin/mingw32-make.exe -f CMakeFiles\cmTC_016cc.dir\build.make CMakeFiles/cmTC_016cc.dir/build
mingw32-make.exe[1]: Entering directory 'C:/user/SASfitGit/buildCL/CMakeFiles/CMakeTmp'
Building C object CMakeFiles/cmTC_016cc.dir/testCCompiler.c.obj
c:\MinGW\bin\gcc.exe    -o CMakeFiles\cmTC_016cc.dir\testCCompiler.c.obj   -c C:\user\SASfitGit\buildCL\CMakeFiles\CMakeTmp\testCCompiler.c
CMakeFiles\cmTC_016cc.dir\build.make:64: recipe for target 'CMakeFiles/cmTC_016cc.dir/testCCompiler.c.obj' failed
mingw32-make.exe[1]: Leaving directory 'C:/user/SASfitGit/buildCL/CMakeFiles/CMakeTmp'
mingw32-make.exe[1]: *** [CMakeFiles/cmTC_016cc.dir/testCCompiler.c.obj] Error 1
mingw32-make.exe: *** [cmTC_016cc/fast] Error 2
Makefile:125: recipe for target 'cmTC_016cc/fast' failed


