This file contains any messages produced by compilers while
running configure, to aid debugging if configure makes a mistake.

It was created by Cuba configure 4.2, which was
generated by GNU Autoconf 2.69.  Invocation command line was

  $ ./configure 

## --------- ##
## Platform. ##
## --------- ##

hostname = PC10814
uname -m = i686
uname -r = 1.0.18(0.48/3/2)
uname -s = MINGW32_NT-6.1
uname -v = 2012-11-21 22:34

/usr/bin/uname -p = unknown
/bin/uname -X     = unknown

/bin/arch              = unknown
/usr/bin/arch -k       = unknown
/usr/convex/getsysinfo = unknown
/usr/bin/hostinfo      = unknown
/bin/machine           = unknown
/usr/bin/oslevel       = unknown
/bin/universe          = unknown

PATH: .
PATH: /usr/local/bin
PATH: /mingw/bin
PATH: /bin
PATH: /c/ProgramData/Oracle/Java/javapath
PATH: /c/Program Files (x86)/Common Files/Intel/Shared Files/cpp/bin/Intel64
PATH: /c/Program Files/gs/gs9.15/bin/
PATH: /c/Program Files (x86)/MiKTeX 2.9/miktex/bin
PATH: /c/Windows/system32
PATH: /c/Windows
PATH: /c/Windows/System32/Wbem
PATH: /c/Windows/System32/WindowsPowerShell/v1.0/
PATH: /c/Program Files/PSI Tools/
PATH: /c/Windows/System32/WindowsPowerShell/v1.0/
PATH: /c/Program Files/WIDCOMM/Bluetooth Software/
PATH: /c/Program Files/WIDCOMM/Bluetooth Software/syswow64
PATH: /c/Program Files/TortoiseHg/
PATH: /c/Program Files/MATLAB/R2015a_x64/runtime/win64
PATH: /c/Program Files/MATLAB/R2015a_x64/bin
PATH: /c/Program Files/Microsoft Windows Performance Toolkit/
PATH: /c/Program Files (x86)/Heimdal/bin/
PATH: /c/Program Files/Heimdal/bin/
PATH: /c/Program Files (x86)/OpenAFS/Common
PATH: /c/Program Files (x86)/OpenAFS/Client/Program
PATH: /c/Program Files/OpenAFS/Common
PATH: /c/Program Files/OpenAFS/Client/Program
PATH: /c/Program Files (x86)/CMake/bin
PATH: /c/Program Files/MATLAB/MATLAB Compiler Runtime/v716/runtime/win64
PATH: /c/Program Files/MATLAB/MATLAB Runtime/v90/runtime/win64
PATH: /c/Program Files (x86)/MATLAB/MATLAB Compiler Runtime/v84/runtime/win32
PATH: /c/Anaconda
PATH: /c/Anaconda/Scripts
PATH: /c/Program Files/MATLAB/MATLAB Compiler Runtime/v84/runtime/win64
PATH: /c/Program Files (x86)/GNU/GnuPG/pub
PATH: /c/Program Files/MATLAB/MATLAB Compiler Runtime/v717/runtime/win64
PATH: /c/Program Files/TortoiseGit/bin
PATH: /c/Program Files (x86)/Skype/Phone/


## ----------- ##
## Core tests. ##
## ----------- ##

configure:2279: checking for gcc
configure:2295: found /mingw/bin/gcc
configure:2306: result: gcc
configure:2535: checking for C compiler version
configure:2544: gcc --version >&5
gcc.exe (GCC) 4.8.1
Copyright (C) 2013 Free Software Foundation, Inc.
This is free software; see the source for copying conditions.  There is NO
warranty; not even for MERCHANTABILITY or FITNESS FOR A PARTICULAR PURPOSE.

configure:2555: $? = 0
configure:2544: gcc -v >&5
Using built-in specs.
COLLECT_GCC=c:\mingw\bin\gcc.exe
COLLECT_LTO_WRAPPER=c:/mingw/bin/../libexec/gcc/mingw32/4.8.1/lto-wrapper.exe
Target: mingw32
Configured with: ../gcc-4.8.1/configure --prefix=/mingw --host=mingw32 --build=mingw32 --without-pic --enable-shared --enable-static --with-gnu-ld --enable-lto --enable-libssp --disable-multilib --enable-languages=c,c++,fortran,objc,obj-c++,ada --disable-sjlj-exceptions --with-dwarf2 --disable-win32-registry --enable-libstdcxx-debug --enable-version-specific-runtime-libs --with-gmp=/usr/src/pkg/gmp-5.1.2-1-mingw32-src/bld --with-mpc=/usr/src/pkg/mpc-1.0.1-1-mingw32-src/bld --with-mpfr= --with-system-zlib --with-gnu-as --enable-decimal-float=yes --enable-libgomp --enable-threads --with-libiconv-prefix=/mingw32 --with-libintl-prefix=/mingw --disable-bootstrap LDFLAGS=-s CFLAGS=-D_USE_32BIT_TIME_T
Thread model: win32
gcc version 4.8.1 (GCC) 
configure:2555: $? = 0
configure:2544: gcc -V >&5
gcc.exe: error: unrecognized command line option '-V'
gcc.exe: fatal error: no input files
compilation terminated.
configure:2555: $? = 1
configure:2544: gcc -qversion >&5
gcc.exe: error: unrecognized command line option '-qversion'
gcc.exe: fatal error: no input files
compilation terminated.
configure:2555: $? = 1
configure:2575: checking whether the C compiler works
configure:2597: gcc    conftest.c -lm >&5
configure:2601: $? = 0
configure:2649: result: yes
configure:2652: checking for C compiler default output file name
configure:2654: result: a.exe
configure:2660: checking for suffix of executables
configure:2667: gcc -o conftest.exe    conftest.c -lm >&5
configure:2671: $? = 0
configure:2693: result: .exe
configure:2715: checking whether we are cross compiling
configure:2723: gcc -o conftest.exe    conftest.c -lm >&5
configure:2727: $? = 0
configure:2734: ./conftest.exe
configure:2738: $? = 0
configure:2753: result: no
configure:2758: checking for suffix of object files
configure:2780: gcc -c   conftest.c >&5
configure:2784: $? = 0
configure:2805: result: o
configure:2809: checking whether we are using the GNU C compiler
configure:2828: gcc -c   conftest.c >&5
configure:2828: $? = 0
configure:2837: result: yes
configure:2846: checking whether gcc accepts -g
configure:2866: gcc -c -g  conftest.c >&5
configure:2866: $? = 0
configure:2907: result: yes
configure:2924: checking for gcc option to accept ISO C89
configure:2987: gcc  -c -g -O2  conftest.c >&5
configure:2987: $? = 0
configure:3000: result: none needed
configure:3073: checking for gfortran
configure:3089: found /mingw/bin/gfortran
configure:3100: result: gfortran
configure:3126: checking for Fortran compiler version
configure:3135: gfortran --version >&5
GNU Fortran (GCC) 4.8.1
Copyright (C) 2013 Free Software Foundation, Inc.

GNU Fortran comes with NO WARRANTY, to the extent permitted by law.
You may redistribute copies of GNU Fortran
under the terms of the GNU General Public License.
For more information about these matters, see the file named COPYING

configure:3146: $? = 0
configure:3135: gfortran -v >&5
Using built-in specs.
COLLECT_GCC=c:\mingw\bin\gfortran.exe
COLLECT_LTO_WRAPPER=c:/mingw/bin/../libexec/gcc/mingw32/4.8.1/lto-wrapper.exe
Target: mingw32
Configured with: ../gcc-4.8.1/configure --prefix=/mingw --host=mingw32 --build=mingw32 --without-pic --enable-shared --enable-static --with-gnu-ld --enable-lto --enable-libssp --disable-multilib --enable-languages=c,c++,fortran,objc,obj-c++,ada --disable-sjlj-exceptions --with-dwarf2 --disable-win32-registry --enable-libstdcxx-debug --enable-version-specific-runtime-libs --with-gmp=/usr/src/pkg/gmp-5.1.2-1-mingw32-src/bld --with-mpc=/usr/src/pkg/mpc-1.0.1-1-mingw32-src/bld --with-mpfr= --with-system-zlib --with-gnu-as --enable-decimal-float=yes --enable-libgomp --enable-threads --with-libiconv-prefix=/mingw32 --with-libintl-prefix=/mingw --disable-bootstrap LDFLAGS=-s CFLAGS=-D_USE_32BIT_TIME_T
Thread model: win32
gcc version 4.8.1 (GCC) 
configure:3146: $? = 0
configure:3135: gfortran -V >&5
gfortran.exe: error: unrecognized command line option '-V'
gfortran.exe: fatal error: no input files
compilation terminated.
configure:3146: $? = 1
configure:3135: gfortran -qversion >&5
gfortran.exe: error: unrecognized command line option '-qversion'
gfortran.exe: fatal error: no input files
compilation terminated.
configure:3146: $? = 1
configure:3155: checking whether we are using the GNU Fortran compiler
configure:3168: gfortran -c   conftest.F >&5
configure:3168: $? = 0
configure:3177: result: yes
configure:3183: checking whether gfortran accepts -g
configure:3194: gfortran -c -g  conftest.f >&5
configure:3194: $? = 0
configure:3202: result: yes
configure:3274: checking for ranlib
configure:3290: found /mingw/bin/ranlib
configure:3301: result: ranlib
configure:3366: checking for a BSD-compatible install
configure:3434: result: /bin/install -c
configure:3461: checking for an ANSI C-conforming const
configure:3527: gcc -c -O3 -fomit-frame-pointer -ffast-math -Wall  conftest.c >&5
configure:3527: $? = 0
configure:3534: result: yes
configure:3542: checking for inline
configure:3558: gcc -c -O3 -fomit-frame-pointer -ffast-math -Wall  conftest.c >&5
configure:3558: $? = 0
configure:3566: result: inline
configure:3586: checking for long double with more range or precision than double
configure:3622: gcc -c -O3 -fomit-frame-pointer -ffast-math -Wall  conftest.c >&5
configure:3622: $? = 0
configure:3629: result: yes
configure:3650: checking how to run the C preprocessor
configure:3681: gcc -E  conftest.c
configure:3681: $? = 0
configure:3695: gcc -E  conftest.c
conftest.c:11:28: fatal error: ac_nonexistent.h: No such file or directory
 #include <ac_nonexistent.h>
                            ^
compilation terminated.
configure:3695: $? = 1
configure: failed program was:
| /* confdefs.h */
| #define PACKAGE_NAME "Cuba"
| #define PACKAGE_TARNAME "cuba"
| #define PACKAGE_VERSION "4.2"
| #define PACKAGE_STRING "Cuba 4.2"
| #define PACKAGE_BUGREPORT "hahn@feynarts.de"
| #define PACKAGE_URL ""
| #define HAVE_LONG_DOUBLE_WIDER 1
| #define HAVE_LONG_DOUBLE 1
| /* end confdefs.h.  */
| #include <ac_nonexistent.h>
configure:3720: result: gcc -E
configure:3740: gcc -E  conftest.c
configure:3740: $? = 0
configure:3754: gcc -E  conftest.c
conftest.c:11:28: fatal error: ac_nonexistent.h: No such file or directory
 #include <ac_nonexistent.h>
                            ^
compilation terminated.
configure:3754: $? = 1
configure: failed program was:
| /* confdefs.h */
| #define PACKAGE_NAME "Cuba"
| #define PACKAGE_TARNAME "cuba"
| #define PACKAGE_VERSION "4.2"
| #define PACKAGE_STRING "Cuba 4.2"
| #define PACKAGE_BUGREPORT "hahn@feynarts.de"
| #define PACKAGE_URL ""
| #define HAVE_LONG_DOUBLE_WIDER 1
| #define HAVE_LONG_DOUBLE 1
| /* end confdefs.h.  */
| #include <ac_nonexistent.h>
configure:3783: checking for grep that handles long lines and -e
configure:3841: result: /bin/grep
configure:3846: checking for egrep
configure:3908: result: /bin/grep -E
configure:3913: checking for ANSI C header files
configure:3933: gcc -c -O3 -fomit-frame-pointer -ffast-math -Wall  conftest.c >&5
configure:3933: $? = 0
configure:4006: gcc -o conftest.exe -O3 -fomit-frame-pointer -ffast-math -Wall   conftest.c -lm >&5
configure:4006: $? = 0
configure:4006: ./conftest.exe
configure:4006: $? = 0
configure:4017: result: yes
configure:4030: checking for sys/types.h
configure:4030: gcc -c -O3 -fomit-frame-pointer -ffast-math -Wall  conftest.c >&5
configure:4030: $? = 0
configure:4030: result: yes
configure:4030: checking for sys/stat.h
configure:4030: gcc -c -O3 -fomit-frame-pointer -ffast-math -Wall  conftest.c >&5
configure:4030: $? = 0
configure:4030: result: yes
configure:4030: checking for stdlib.h
configure:4030: gcc -c -O3 -fomit-frame-pointer -ffast-math -Wall  conftest.c >&5
configure:4030: $? = 0
configure:4030: result: yes
configure:4030: checking for string.h
configure:4030: gcc -c -O3 -fomit-frame-pointer -ffast-math -Wall  conftest.c >&5
configure:4030: $? = 0
configure:4030: result: yes
configure:4030: checking for memory.h
configure:4030: gcc -c -O3 -fomit-frame-pointer -ffast-math -Wall  conftest.c >&5
configure:4030: $? = 0
configure:4030: result: yes
configure:4030: checking for strings.h
configure:4030: gcc -c -O3 -fomit-frame-pointer -ffast-math -Wall  conftest.c >&5
configure:4030: $? = 0
configure:4030: result: yes
configure:4030: checking for inttypes.h
configure:4030: gcc -c -O3 -fomit-frame-pointer -ffast-math -Wall  conftest.c >&5
configure:4030: $? = 0
configure:4030: result: yes
configure:4030: checking for stdint.h
configure:4030: gcc -c -O3 -fomit-frame-pointer -ffast-math -Wall  conftest.c >&5
configure:4030: $? = 0
configure:4030: result: yes
configure:4030: checking for unistd.h
configure:4030: gcc -c -O3 -fomit-frame-pointer -ffast-math -Wall  conftest.c >&5
configure:4030: $? = 0
configure:4030: result: yes
configure:4042: checking for size_t
configure:4042: gcc -c -O3 -fomit-frame-pointer -ffast-math -Wall  conftest.c >&5
configure:4042: $? = 0
configure:4042: gcc -c -O3 -fomit-frame-pointer -ffast-math -Wall  conftest.c >&5
conftest.c: In function 'main':
conftest.c:57:21: error: expected expression before ')' token
 if (sizeof ((size_t)))
                     ^
configure:4042: $? = 1
configure: failed program was:
| /* confdefs.h */
| #define PACKAGE_NAME "Cuba"
| #define PACKAGE_TARNAME "cuba"
| #define PACKAGE_VERSION "4.2"
| #define PACKAGE_STRING "Cuba 4.2"
| #define PACKAGE_BUGREPORT "hahn@feynarts.de"
| #define PACKAGE_URL ""
| #define HAVE_LONG_DOUBLE_WIDER 1
| #define HAVE_LONG_DOUBLE 1
| #define STDC_HEADERS 1
| #define HAVE_SYS_TYPES_H 1
| #define HAVE_SYS_STAT_H 1
| #define HAVE_STDLIB_H 1
| #define HAVE_STRING_H 1
| #define HAVE_MEMORY_H 1
| #define HAVE_STRINGS_H 1
| #define HAVE_INTTYPES_H 1
| #define HAVE_STDINT_H 1
| #define HAVE_UNISTD_H 1
| /* end confdefs.h.  */
| #include <stdio.h>
| #ifdef HAVE_SYS_TYPES_H
| # include <sys/types.h>
| #endif
| #ifdef HAVE_SYS_STAT_H
| # include <sys/stat.h>
| #endif
| #ifdef STDC_HEADERS
| # include <stdlib.h>
| # include <stddef.h>
| #else
| # ifdef HAVE_STDLIB_H
| #  include <stdlib.h>
| # endif
| #endif
| #ifdef HAVE_STRING_H
| # if !defined STDC_HEADERS && defined HAVE_MEMORY_H
| #  include <memory.h>
| # endif
| # include <string.h>
| #endif
| #ifdef HAVE_STRINGS_H
| # include <strings.h>
| #endif
| #ifdef HAVE_INTTYPES_H
| # include <inttypes.h>
| #endif
| #ifdef HAVE_STDINT_H
| # include <stdint.h>
| #endif
| #ifdef HAVE_UNISTD_H
| # include <unistd.h>
| #endif
| int
| main ()
| {
| if (sizeof ((size_t)))
| 	    return 0;
|   ;
|   return 0;
| }
configure:4042: result: yes
configure:4053: checking for ssize_t
configure:4053: gcc -c -O3 -fomit-frame-pointer -ffast-math -Wall  conftest.c >&5
configure:4053: $? = 0
configure:4053: gcc -c -O3 -fomit-frame-pointer -ffast-math -Wall  conftest.c >&5
conftest.c: In function 'main':
conftest.c:57:22: error: expected expression before ')' token
 if (sizeof ((ssize_t)))
                      ^
configure:4053: $? = 1
configure: failed program was:
| /* confdefs.h */
| #define PACKAGE_NAME "Cuba"
| #define PACKAGE_TARNAME "cuba"
| #define PACKAGE_VERSION "4.2"
| #define PACKAGE_STRING "Cuba 4.2"
| #define PACKAGE_BUGREPORT "hahn@feynarts.de"
| #define PACKAGE_URL ""
| #define HAVE_LONG_DOUBLE_WIDER 1
| #define HAVE_LONG_DOUBLE 1
| #define STDC_HEADERS 1
| #define HAVE_SYS_TYPES_H 1
| #define HAVE_SYS_STAT_H 1
| #define HAVE_STDLIB_H 1
| #define HAVE_STRING_H 1
| #define HAVE_MEMORY_H 1
| #define HAVE_STRINGS_H 1
| #define HAVE_INTTYPES_H 1
| #define HAVE_STDINT_H 1
| #define HAVE_UNISTD_H 1
| /* end confdefs.h.  */
| #include <stdio.h>
| #ifdef HAVE_SYS_TYPES_H
| # include <sys/types.h>
| #endif
| #ifdef HAVE_SYS_STAT_H
| # include <sys/stat.h>
| #endif
| #ifdef STDC_HEADERS
| # include <stdlib.h>
| # include <stddef.h>
| #else
| # ifdef HAVE_STDLIB_H
| #  include <stdlib.h>
| # endif
| #endif
| #ifdef HAVE_STRING_H
| # if !defined STDC_HEADERS && defined HAVE_MEMORY_H
| #  include <memory.h>
| # endif
| # include <string.h>
| #endif
| #ifdef HAVE_STRINGS_H
| # include <strings.h>
| #endif
| #ifdef HAVE_INTTYPES_H
| # include <inttypes.h>
| #endif
| #ifdef HAVE_STDINT_H
| # include <stdint.h>
| #endif
| #ifdef HAVE_UNISTD_H
| # include <unistd.h>
| #endif
| int
| main ()
| {
| if (sizeof ((ssize_t)))
| 	    return 0;
|   ;
|   return 0;
| }
configure:4053: result: yes
configure:4064: checking for pid_t
configure:4064: gcc -c -O3 -fomit-frame-pointer -ffast-math -Wall  conftest.c >&5
configure:4064: $? = 0
configure:4064: gcc -c -O3 -fomit-frame-pointer -ffast-math -Wall  conftest.c >&5
conftest.c: In function 'main':
conftest.c:57:20: error: expected expression before ')' token
 if (sizeof ((pid_t)))
                    ^
configure:4064: $? = 1
configure: failed program was:
| /* confdefs.h */
| #define PACKAGE_NAME "Cuba"
| #define PACKAGE_TARNAME "cuba"
| #define PACKAGE_VERSION "4.2"
| #define PACKAGE_STRING "Cuba 4.2"
| #define PACKAGE_BUGREPORT "hahn@feynarts.de"
| #define PACKAGE_URL ""
| #define HAVE_LONG_DOUBLE_WIDER 1
| #define HAVE_LONG_DOUBLE 1
| #define STDC_HEADERS 1
| #define HAVE_SYS_TYPES_H 1
| #define HAVE_SYS_STAT_H 1
| #define HAVE_STDLIB_H 1
| #define HAVE_STRING_H 1
| #define HAVE_MEMORY_H 1
| #define HAVE_STRINGS_H 1
| #define HAVE_INTTYPES_H 1
| #define HAVE_STDINT_H 1
| #define HAVE_UNISTD_H 1
| /* end confdefs.h.  */
| #include <stdio.h>
| #ifdef HAVE_SYS_TYPES_H
| # include <sys/types.h>
| #endif
| #ifdef HAVE_SYS_STAT_H
| # include <sys/stat.h>
| #endif
| #ifdef STDC_HEADERS
| # include <stdlib.h>
| # include <stddef.h>
| #else
| # ifdef HAVE_STDLIB_H
| #  include <stdlib.h>
| # endif
| #endif
| #ifdef HAVE_STRING_H
| # if !defined STDC_HEADERS && defined HAVE_MEMORY_H
| #  include <memory.h>
| # endif
| # include <string.h>
| #endif
| #ifdef HAVE_STRINGS_H
| # include <strings.h>
| #endif
| #ifdef HAVE_INTTYPES_H
| # include <inttypes.h>
| #endif
| #ifdef HAVE_STDINT_H
| # include <stdint.h>
| #endif
| #ifdef HAVE_UNISTD_H
| # include <unistd.h>
| #endif
| int
| main ()
| {
| if (sizeof ((pid_t)))
| 	    return 0;
|   ;
|   return 0;
| }
configure:4064: result: yes
configure:4078: checking for powl
configure:4078: gcc -o conftest.exe -O3 -fomit-frame-pointer -ffast-math -Wall   conftest.c -lm >&5
conftest.c:44:6: warning: conflicting types for built-in function 'powl' [enabled by default]
 char powl ();
      ^
configure:4078: $? = 0
configure:4078: result: yes
configure:4089: checking for erf
configure:4089: gcc -o conftest.exe -O3 -fomit-frame-pointer -ffast-math -Wall   conftest.c -lm >&5
conftest.c:45:6: warning: conflicting types for built-in function 'erf' [enabled by default]
 char erf ();
      ^
configure:4089: $? = 0
configure:4089: result: yes
configure:4100: checking vfork.h usability
configure:4100: gcc -c -O3 -fomit-frame-pointer -ffast-math -Wall  conftest.c >&5
conftest.c:56:19: fatal error: vfork.h: No such file or directory
 #include <vfork.h>
                   ^
compilation terminated.
configure:4100: $? = 1
configure: failed program was:
| /* confdefs.h */
| #define PACKAGE_NAME "Cuba"
| #define PACKAGE_TARNAME "cuba"
| #define PACKAGE_VERSION "4.2"
| #define PACKAGE_STRING "Cuba 4.2"
| #define PACKAGE_BUGREPORT "hahn@feynarts.de"
| #define PACKAGE_URL ""
| #define HAVE_LONG_DOUBLE_WIDER 1
| #define HAVE_LONG_DOUBLE 1
| #define STDC_HEADERS 1
| #define HAVE_SYS_TYPES_H 1
| #define HAVE_SYS_STAT_H 1
| #define HAVE_STDLIB_H 1
| #define HAVE_STRING_H 1
| #define HAVE_MEMORY_H 1
| #define HAVE_STRINGS_H 1
| #define HAVE_INTTYPES_H 1
| #define HAVE_STDINT_H 1
| #define HAVE_UNISTD_H 1
| #define HAVE_POWL 1
| #define HAVE_ERF 1
| /* end confdefs.h.  */
| #include <stdio.h>
| #ifdef HAVE_SYS_TYPES_H
| # include <sys/types.h>
| #endif
| #ifdef HAVE_SYS_STAT_H
| # include <sys/stat.h>
| #endif
| #ifdef STDC_HEADERS
| # include <stdlib.h>
| # include <stddef.h>
| #else
| # ifdef HAVE_STDLIB_H
| #  include <stdlib.h>
| # endif
| #endif
| #ifdef HAVE_STRING_H
| # if !defined STDC_HEADERS && defined HAVE_MEMORY_H
| #  include <memory.h>
| # endif
| # include <string.h>
| #endif
| #ifdef HAVE_STRINGS_H
| # include <strings.h>
| #endif
| #ifdef HAVE_INTTYPES_H
| # include <inttypes.h>
| #endif
| #ifdef HAVE_STDINT_H
| # include <stdint.h>
| #endif
| #ifdef HAVE_UNISTD_H
| # include <unistd.h>
| #endif
| #include <vfork.h>
configure:4100: result: no
configure:4100: checking vfork.h presence
configure:4100: gcc -E  conftest.c
conftest.c:23:19: fatal error: vfork.h: No such file or directory
 #include <vfork.h>
                   ^
compilation terminated.
configure:4100: $? = 1
configure: failed program was:
| /* confdefs.h */
| #define PACKAGE_NAME "Cuba"
| #define PACKAGE_TARNAME "cuba"
| #define PACKAGE_VERSION "4.2"
| #define PACKAGE_STRING "Cuba 4.2"
| #define PACKAGE_BUGREPORT "hahn@feynarts.de"
| #define PACKAGE_URL ""
| #define HAVE_LONG_DOUBLE_WIDER 1
| #define HAVE_LONG_DOUBLE 1
| #define STDC_HEADERS 1
| #define HAVE_SYS_TYPES_H 1
| #define HAVE_SYS_STAT_H 1
| #define HAVE_STDLIB_H 1
| #define HAVE_STRING_H 1
| #define HAVE_MEMORY_H 1
| #define HAVE_STRINGS_H 1
| #define HAVE_INTTYPES_H 1
| #define HAVE_STDINT_H 1
| #define HAVE_UNISTD_H 1
| #define HAVE_POWL 1
| #define HAVE_ERF 1
| /* end confdefs.h.  */
| #include <vfork.h>
configure:4100: result: no
configure:4100: checking for vfork.h
configure:4100: result: no
configure:4113: checking for fork
configure:4113: gcc -o conftest.exe -O3 -fomit-frame-pointer -ffast-math -Wall   conftest.c -lm >&5
conftest.c:46:6: warning: conflicting types for built-in function 'fork' [enabled by default]
 char fork ();
      ^
C:\Users\KOHLBR~1\AppData\Local\Temp\ccGLLNEW.o:conftest.c:(.text.startup+0xc): undefined reference to `fork'
collect2.exe: error: ld returned 1 exit status
configure:4113: $? = 1
configure: failed program was:
| /* confdefs.h */
| #define PACKAGE_NAME "Cuba"
| #define PACKAGE_TARNAME "cuba"
| #define PACKAGE_VERSION "4.2"
| #define PACKAGE_STRING "Cuba 4.2"
| #define PACKAGE_BUGREPORT "hahn@feynarts.de"
| #define PACKAGE_URL ""
| #define HAVE_LONG_DOUBLE_WIDER 1
| #define HAVE_LONG_DOUBLE 1
| #define STDC_HEADERS 1
| #define HAVE_SYS_TYPES_H 1
| #define HAVE_SYS_STAT_H 1
| #define HAVE_STDLIB_H 1
| #define HAVE_STRING_H 1
| #define HAVE_MEMORY_H 1
| #define HAVE_STRINGS_H 1
| #define HAVE_INTTYPES_H 1
| #define HAVE_STDINT_H 1
| #define HAVE_UNISTD_H 1
| #define HAVE_POWL 1
| #define HAVE_ERF 1
| /* end confdefs.h.  */
| /* Define fork to an innocuous variant, in case <limits.h> declares fork.
|    For example, HP-UX 11i <limits.h> declares gettimeofday.  */
| #define fork innocuous_fork
| 
| /* System header to define __stub macros and hopefully few prototypes,
|     which can conflict with char fork (); below.
|     Prefer <limits.h> to <assert.h> if __STDC__ is defined, since
|     <limits.h> exists even on freestanding compilers.  */
| 
| #ifdef __STDC__
| # include <limits.h>
| #else
| # include <assert.h>
| #endif
| 
| #undef fork
| 
| /* Override any GCC internal prototype to avoid an error.
|    Use char because int might match the return type of a GCC
|    builtin and then its argument prototype would still apply.  */
| #ifdef __cplusplus
| extern "C"
| #endif
| char fork ();
| /* The GNU C library defines this for functions which it implements
|     to always fail with ENOSYS.  Some functions are actually named
|     something starting with __ and the normal name is an alias.  */
| #if defined __stub_fork || defined __stub___fork
| choke me
| #endif
| 
| int
| main ()
| {
| return fork ();
|   ;
|   return 0;
| }
configure:4113: result: no
configure:4113: checking for vfork
configure:4113: gcc -o conftest.exe -O3 -fomit-frame-pointer -ffast-math -Wall   conftest.c -lm >&5
C:\Users\KOHLBR~1\AppData\Local\Temp\ccq68Iy6.o:conftest.c:(.text.startup+0xc): undefined reference to `vfork'
collect2.exe: error: ld returned 1 exit status
configure:4113: $? = 1
configure: failed program was:
| /* confdefs.h */
| #define PACKAGE_NAME "Cuba"
| #define PACKAGE_TARNAME "cuba"
| #define PACKAGE_VERSION "4.2"
| #define PACKAGE_STRING "Cuba 4.2"
| #define PACKAGE_BUGREPORT "hahn@feynarts.de"
| #define PACKAGE_URL ""
| #define HAVE_LONG_DOUBLE_WIDER 1
| #define HAVE_LONG_DOUBLE 1
| #define STDC_HEADERS 1
| #define HAVE_SYS_TYPES_H 1
| #define HAVE_SYS_STAT_H 1
| #define HAVE_STDLIB_H 1
| #define HAVE_STRING_H 1
| #define HAVE_MEMORY_H 1
| #define HAVE_STRINGS_H 1
| #define HAVE_INTTYPES_H 1
| #define HAVE_STDINT_H 1
| #define HAVE_UNISTD_H 1
| #define HAVE_POWL 1
| #define HAVE_ERF 1
| /* end confdefs.h.  */
| /* Define vfork to an innocuous variant, in case <limits.h> declares vfork.
|    For example, HP-UX 11i <limits.h> declares gettimeofday.  */
| #define vfork innocuous_vfork
| 
| /* System header to define __stub macros and hopefully few prototypes,
|     which can conflict with char vfork (); below.
|     Prefer <limits.h> to <assert.h> if __STDC__ is defined, since
|     <limits.h> exists even on freestanding compilers.  */
| 
| #ifdef __STDC__
| # include <limits.h>
| #else
| # include <assert.h>
| #endif
| 
| #undef vfork
| 
| /* Override any GCC internal prototype to avoid an error.
|    Use char because int might match the return type of a GCC
|    builtin and then its argument prototype would still apply.  */
| #ifdef __cplusplus
| extern "C"
| #endif
| char vfork ();
| /* The GNU C library defines this for functions which it implements
|     to always fail with ENOSYS.  Some functions are actually named
|     something starting with __ and the normal name is an alias.  */
| #if defined __stub_vfork || defined __stub___vfork
| choke me
| #endif
| 
| int
| main ()
| {
| return vfork ();
|   ;
|   return 0;
| }
configure:4113: result: no
configure:4313: checking for working alloca.h
configure:4330: gcc -o conftest.exe -O3 -fomit-frame-pointer -ffast-math -Wall   conftest.c -lm >&5
conftest.c:24:20: fatal error: alloca.h: No such file or directory
 #include <alloca.h>
                    ^
compilation terminated.
configure:4330: $? = 1
configure: failed program was:
| /* confdefs.h */
| #define PACKAGE_NAME "Cuba"
| #define PACKAGE_TARNAME "cuba"
| #define PACKAGE_VERSION "4.2"
| #define PACKAGE_STRING "Cuba 4.2"
| #define PACKAGE_BUGREPORT "hahn@feynarts.de"
| #define PACKAGE_URL ""
| #define HAVE_LONG_DOUBLE_WIDER 1
| #define HAVE_LONG_DOUBLE 1
| #define STDC_HEADERS 1
| #define HAVE_SYS_TYPES_H 1
| #define HAVE_SYS_STAT_H 1
| #define HAVE_STDLIB_H 1
| #define HAVE_STRING_H 1
| #define HAVE_MEMORY_H 1
| #define HAVE_STRINGS_H 1
| #define HAVE_INTTYPES_H 1
| #define HAVE_STDINT_H 1
| #define HAVE_UNISTD_H 1
| #define HAVE_POWL 1
| #define HAVE_ERF 1
| #define vfork fork
| /* end confdefs.h.  */
| #include <alloca.h>
| int
| main ()
| {
| char *p = (char *) alloca (2 * sizeof (int));
| 			  if (p) return 0;
|   ;
|   return 0;
| }
configure:4338: result: no
configure:4346: checking for alloca
configure:4383: gcc -o conftest.exe -O3 -fomit-frame-pointer -ffast-math -Wall   conftest.c -lm >&5
configure:4383: $? = 0
configure:4391: result: yes
configure:4503: checking build system type
configure:4517: result: i686-pc-mingw32
configure:4537: checking host system type
configure:4550: result: i686-pc-mingw32
configure:4577: checking for shmget
configure:4577: gcc -o conftest.exe -O3 -fomit-frame-pointer -ffast-math -Wall   conftest.c -lm >&5
C:\Users\KOHLBR~1\AppData\Local\Temp\ccmkcyQU.o:conftest.c:(.text.startup+0xc): undefined reference to `shmget'
collect2.exe: error: ld returned 1 exit status
configure:4577: $? = 1
configure: failed program was:
| /* confdefs.h */
| #define PACKAGE_NAME "Cuba"
| #define PACKAGE_TARNAME "cuba"
| #define PACKAGE_VERSION "4.2"
| #define PACKAGE_STRING "Cuba 4.2"
| #define PACKAGE_BUGREPORT "hahn@feynarts.de"
| #define PACKAGE_URL ""
| #define HAVE_LONG_DOUBLE_WIDER 1
| #define HAVE_LONG_DOUBLE 1
| #define STDC_HEADERS 1
| #define HAVE_SYS_TYPES_H 1
| #define HAVE_SYS_STAT_H 1
| #define HAVE_STDLIB_H 1
| #define HAVE_STRING_H 1
| #define HAVE_MEMORY_H 1
| #define HAVE_STRINGS_H 1
| #define HAVE_INTTYPES_H 1
| #define HAVE_STDINT_H 1
| #define HAVE_UNISTD_H 1
| #define HAVE_POWL 1
| #define HAVE_ERF 1
| #define vfork fork
| #define HAVE_ALLOCA 1
| /* end confdefs.h.  */
| /* Define shmget to an innocuous variant, in case <limits.h> declares shmget.
|    For example, HP-UX 11i <limits.h> declares gettimeofday.  */
| #define shmget innocuous_shmget
| 
| /* System header to define __stub macros and hopefully few prototypes,
|     which can conflict with char shmget (); below.
|     Prefer <limits.h> to <assert.h> if __STDC__ is defined, since
|     <limits.h> exists even on freestanding compilers.  */
| 
| #ifdef __STDC__
| # include <limits.h>
| #else
| # include <assert.h>
| #endif
| 
| #undef shmget
| 
| /* Override any GCC internal prototype to avoid an error.
|    Use char because int might match the return type of a GCC
|    builtin and then its argument prototype would still apply.  */
| #ifdef __cplusplus
| extern "C"
| #endif
| char shmget ();
| /* The GNU C library defines this for functions which it implements
|     to always fail with ENOSYS.  Some functions are actually named
|     something starting with __ and the normal name is an alias.  */
| #if defined __stub_shmget || defined __stub___shmget
| choke me
| #endif
| 
| int
| main ()
| {
| return shmget ();
|   ;
|   return 0;
| }
configure:4577: result: no
configure:4590: checking for getloadavg
configure:4590: gcc -o conftest.exe -O3 -fomit-frame-pointer -ffast-math -Wall   conftest.c -lm >&5
C:\Users\KOHLBR~1\AppData\Local\Temp\cc0guB88.o:conftest.c:(.text.startup+0xc): undefined reference to `getloadavg'
collect2.exe: error: ld returned 1 exit status
configure:4590: $? = 1
configure: failed program was:
| /* confdefs.h */
| #define PACKAGE_NAME "Cuba"
| #define PACKAGE_TARNAME "cuba"
| #define PACKAGE_VERSION "4.2"
| #define PACKAGE_STRING "Cuba 4.2"
| #define PACKAGE_BUGREPORT "hahn@feynarts.de"
| #define PACKAGE_URL ""
| #define HAVE_LONG_DOUBLE_WIDER 1
| #define HAVE_LONG_DOUBLE 1
| #define STDC_HEADERS 1
| #define HAVE_SYS_TYPES_H 1
| #define HAVE_SYS_STAT_H 1
| #define HAVE_STDLIB_H 1
| #define HAVE_STRING_H 1
| #define HAVE_MEMORY_H 1
| #define HAVE_STRINGS_H 1
| #define HAVE_INTTYPES_H 1
| #define HAVE_STDINT_H 1
| #define HAVE_UNISTD_H 1
| #define HAVE_POWL 1
| #define HAVE_ERF 1
| #define vfork fork
| #define HAVE_ALLOCA 1
| /* end confdefs.h.  */
| /* Define getloadavg to an innocuous variant, in case <limits.h> declares getloadavg.
|    For example, HP-UX 11i <limits.h> declares gettimeofday.  */
| #define getloadavg innocuous_getloadavg
| 
| /* System header to define __stub macros and hopefully few prototypes,
|     which can conflict with char getloadavg (); below.
|     Prefer <limits.h> to <assert.h> if __STDC__ is defined, since
|     <limits.h> exists even on freestanding compilers.  */
| 
| #ifdef __STDC__
| # include <limits.h>
| #else
| # include <assert.h>
| #endif
| 
| #undef getloadavg
| 
| /* Override any GCC internal prototype to avoid an error.
|    Use char because int might match the return type of a GCC
|    builtin and then its argument prototype would still apply.  */
| #ifdef __cplusplus
| extern "C"
| #endif
| char getloadavg ();
| /* The GNU C library defines this for functions which it implements
|     to always fail with ENOSYS.  Some functions are actually named
|     something starting with __ and the normal name is an alias.  */
| #if defined __stub_getloadavg || defined __stub___getloadavg
| choke me
| #endif
| 
| int
| main ()
| {
| return getloadavg ();
|   ;
|   return 0;
| }
configure:4590: result: no
configure:4639: checking for variable-size arrays
configure:4645: gcc -c -O3 -fomit-frame-pointer -ffast-math -Wall  conftest.c >&5
configure:4645: $? = 0
configure:4646: result: yes
configure:4665: checking for MathLink
configure:4699: result: no
configure:4709: checking for qmake
configure:4739: result: no
configure:4879: creating ./config.status

## ---------------------- ##
## Running config.status. ##
## ---------------------- ##

This file was extended by Cuba config.status 4.2, which was
generated by GNU Autoconf 2.69.  Invocation command line was

  CONFIG_FILES    = 
  CONFIG_HEADERS  = 
  CONFIG_LINKS    = 
  CONFIG_COMMANDS = 
  $ ./config.status 

on PC10814

config.status:828: creating makefile
config.status:828: creating config.h
config.status:1003: config.h is unchanged

## ---------------- ##
## Cache variables. ##
## ---------------- ##

ac_cv_build=i686-pc-mingw32
ac_cv_c_compiler_gnu=yes
ac_cv_c_const=yes
ac_cv_c_inline=inline
ac_cv_c_long_double=yes
ac_cv_env_CC_set=
ac_cv_env_CC_value=
ac_cv_env_CFLAGS_set=
ac_cv_env_CFLAGS_value=
ac_cv_env_CPPFLAGS_set=
ac_cv_env_CPPFLAGS_value=
ac_cv_env_CPP_set=
ac_cv_env_CPP_value=
ac_cv_env_FCFLAGS_set=
ac_cv_env_FCFLAGS_value=
ac_cv_env_FC_set=
ac_cv_env_FC_value=
ac_cv_env_LDFLAGS_set=
ac_cv_env_LDFLAGS_value=
ac_cv_env_LIBS_set=
ac_cv_env_LIBS_value=
ac_cv_env_MCFLAGS_set=
ac_cv_env_MCFLAGS_value=
ac_cv_env_build_alias_set=
ac_cv_env_build_alias_value=
ac_cv_env_host_alias_set=
ac_cv_env_host_alias_value=
ac_cv_env_target_alias_set=
ac_cv_env_target_alias_value=
ac_cv_exeext=.exe
ac_cv_fc_compiler_gnu=yes
ac_cv_func_alloca_works=yes
ac_cv_func_erf=yes
ac_cv_func_fork=no
ac_cv_func_fork_works=no
ac_cv_func_getloadavg=no
ac_cv_func_powl=yes
ac_cv_func_shmget=no
ac_cv_func_vfork=no
ac_cv_func_vfork_works=no
ac_cv_header_inttypes_h=yes
ac_cv_header_memory_h=yes
ac_cv_header_stdc=yes
ac_cv_header_stdint_h=yes
ac_cv_header_stdlib_h=yes
ac_cv_header_string_h=yes
ac_cv_header_strings_h=yes
ac_cv_header_sys_stat_h=yes
ac_cv_header_sys_types_h=yes
ac_cv_header_unistd_h=yes
ac_cv_header_vfork_h=no
ac_cv_host=i686-pc-mingw32
ac_cv_objext=o
ac_cv_path_EGREP='/bin/grep -E'
ac_cv_path_GREP=/bin/grep
ac_cv_path_install='/bin/install -c'
ac_cv_prog_CPP='gcc -E'
ac_cv_prog_ac_ct_CC=gcc
ac_cv_prog_ac_ct_FC=gfortran
ac_cv_prog_ac_ct_RANLIB=ranlib
ac_cv_prog_cc_c89=
ac_cv_prog_cc_g=yes
ac_cv_prog_fc_g=yes
ac_cv_type_long_double_wider=yes
ac_cv_type_pid_t=yes
ac_cv_type_size_t=yes
ac_cv_type_ssize_t=yes
ac_cv_working_alloca_h=no

## ----------------- ##
## Output variables. ##
## ----------------- ##

ALLOCA=''
CC='gcc'
CFLAGS='-O3 -fomit-frame-pointer -ffast-math -Wall'
CPP='gcc -E'
CPPFLAGS=''
DEFS='-DHAVE_CONFIG_H'
DEMO_FORTRAN_DEFAULT='demo-fortran'
ECHO_C=''
ECHO_N='-n'
ECHO_T=''
EGREP='/bin/grep -E'
EXEEXT='.exe'
FC='gfortran'
FCFLAGS='-g -O2'
GREP='/bin/grep'
HAVE_QMAKE=''
INSTALL_DATA='${INSTALL} -m 644'
INSTALL_PROGRAM='${INSTALL}'
INSTALL_SCRIPT='${INSTALL}'
LDFLAGS=''
LIBOBJS=''
LIBS='-lm'
LTLIBOBJS=''
MATH_DEFAULT=''
MCFLAGS=''
MCSTDCPP='-stdlib=libstdc++'
OBJEXT='o'
PACKAGE_BUGREPORT='hahn@feynarts.de'
PACKAGE_NAME='Cuba'
PACKAGE_STRING='Cuba 4.2'
PACKAGE_TARNAME='cuba'
PACKAGE_URL=''
PACKAGE_VERSION='4.2'
PATH_SEPARATOR=':'
RANLIB='ranlib'
REALSIZE='8'
SHELL='/bin/sh'
SUFFIX=''
TOOLS_DEFAULT=''
ac_ct_CC='gcc'
ac_ct_FC='gfortran'
bindir='${exec_prefix}/bin'
build='i686-pc-mingw32'
build_alias=''
build_cpu='i686'
build_os='mingw32'
build_vendor='pc'
datadir='${datarootdir}'
datarootdir='${prefix}/share'
docdir='${datarootdir}/doc/${PACKAGE_TARNAME}'
dvidir='${docdir}'
exec_prefix='${prefix}'
host='i686-pc-mingw32'
host_alias=''
host_cpu='i686'
host_os='mingw32'
host_vendor='pc'
htmldir='${docdir}'
includedir='${prefix}/include'
infodir='${datarootdir}/info'
libdir='${exec_prefix}/lib'
libexecdir='${exec_prefix}/libexec'
localedir='${datarootdir}/locale'
localstatedir='${prefix}/var'
mandir='${datarootdir}/man'
oldincludedir='/usr/include'
pdfdir='${docdir}'
prefix='/usr/local'
program_transform_name='s,x,x,'
psdir='${docdir}'
sbindir='${exec_prefix}/sbin'
sharedstatedir='${prefix}/com'
sysconfdir='${prefix}/etc'
target_alias=''

## ----------- ##
## confdefs.h. ##
## ----------- ##

/* confdefs.h */
#define PACKAGE_NAME "Cuba"
#define PACKAGE_TARNAME "cuba"
#define PACKAGE_VERSION "4.2"
#define PACKAGE_STRING "Cuba 4.2"
#define PACKAGE_BUGREPORT "hahn@feynarts.de"
#define PACKAGE_URL ""
#define HAVE_LONG_DOUBLE_WIDER 1
#define HAVE_LONG_DOUBLE 1
#define STDC_HEADERS 1
#define HAVE_SYS_TYPES_H 1
#define HAVE_SYS_STAT_H 1
#define HAVE_STDLIB_H 1
#define HAVE_STRING_H 1
#define HAVE_MEMORY_H 1
#define HAVE_STRINGS_H 1
#define HAVE_INTTYPES_H 1
#define HAVE_STDINT_H 1
#define HAVE_UNISTD_H 1
#define HAVE_POWL 1
#define HAVE_ERF 1
#define vfork fork
#define HAVE_ALLOCA 1

configure: exit 0
