\BOOKMARK [0][-]{chapter.1}{Chapter 1. Introduction to the data analysis program SASfit }{}% 1
\BOOKMARK [1][-]{section.2}{1.1. Overview}{chapter.1}% 2
\BOOKMARK [1][-]{section.4}{1.2. System Requirements And Software Installation}{chapter.1}% 3
\BOOKMARK [1][-]{section.5}{1.3. Installation Procedure}{chapter.1}% 4
\BOOKMARK [0][-]{chapter.9}{Chapter 2. Quick Start Tour}{}% 5
\BOOKMARK [1][-]{section.10}{2.1. User Interface Window}{chapter.9}% 6
\BOOKMARK [1][-]{section.14}{2.2. Importing data files for a single data set}{chapter.9}% 7
\BOOKMARK [1][-]{section.23}{2.3. Importing data files for multiple data sets}{chapter.9}% 8
\BOOKMARK [1][-]{section.29}{2.4. Reducing the number of data points}{chapter.9}% 9
\BOOKMARK [1][-]{section.38}{2.5. Simulating scattering curves}{chapter.9}% 10
\BOOKMARK [1][-]{section.42}{2.6. Fitting}{chapter.9}% 11
\BOOKMARK [2][-]{subsection.43}{2.6.1. Model Independent Fitting \(Integral parameters\)}{section.42}% 12
\BOOKMARK [2][-]{subsection.55}{2.6.2. Model dependent analysis}{section.42}% 13
\BOOKMARK [3][-]{subsubsection.56}{2.6.2.1. Modeling a single data set}{subsection.55}% 14
\BOOKMARK [3][-]{subsubsection.62}{2.6.2.2. Modeling multiple data sets}{subsection.55}% 15
\BOOKMARK [1][-]{section.76}{2.7. Criteria for goodness-of-fit}{chapter.9}% 16
\BOOKMARK [2][-]{subsection.77}{2.7.1. chi square test}{section.76}% 17
\BOOKMARK [2][-]{subsection.82}{2.7.2. R-factor}{section.76}% 18
\BOOKMARK [2][-]{subsection.86}{2.7.3. Confidence interval of the fitting parameter}{section.76}% 19
\BOOKMARK [1][-]{section.97}{2.8. Fitting strategies}{chapter.9}% 20
\BOOKMARK [1][-]{section.98}{2.9. Data I/O Formats}{chapter.9}% 21
\BOOKMARK [2][-]{subsection.99}{2.9.1. Input Format}{section.98}% 22
\BOOKMARK [2][-]{subsection.100}{2.9.2. Error bar}{section.98}% 23
\BOOKMARK [2][-]{subsection.107}{2.9.3. Export Format}{section.98}% 24
\BOOKMARK [1][-]{section.108}{2.10. Scattering length density calculator}{chapter.9}% 25
\BOOKMARK [1][-]{section.110}{2.11. Resolution Function}{chapter.9}% 26
\BOOKMARK [0][-]{chapter.124}{Chapter 3. Form Factors}{}% 27
\BOOKMARK [1][-]{section.125}{3.1. Spheres \046 Shells}{chapter.124}% 28
\BOOKMARK [2][-]{subsection.126}{3.1.1. Sphere}{section.125}% 29
\BOOKMARK [2][-]{subsection.132}{3.1.2. Spherical Shell i}{section.125}% 30
\BOOKMARK [2][-]{subsection.137}{3.1.3. Spherical Shell ii}{section.125}% 31
\BOOKMARK [2][-]{subsection.142}{3.1.4. Spherical Shell iii}{section.125}% 32
\BOOKMARK [2][-]{subsection.147}{3.1.5. Bilayered Vesicle}{section.125}% 33
\BOOKMARK [2][-]{subsection.152}{3.1.6. Multi Lamellar Vesicle}{section.125}% 34
\BOOKMARK [2][-]{subsection.157}{3.1.7. RNDMultiLamellarVesicle}{section.125}% 35
\BOOKMARK [2][-]{subsection.170}{3.1.8. Vesicle with aligned flat capped ends Kaya:aj5008,Kaya:aj5016}{section.125}% 36
\BOOKMARK [1][-]{section.191}{3.2. Polymers and Micelles}{chapter.124}% 37
\BOOKMARK [2][-]{subsection.192}{3.2.1. Gaussian chain}{section.191}% 38
\BOOKMARK [3][-]{subsubsection.217}{3.2.1.1. Gauss Debye1947}{subsection.192}% 39
\BOOKMARK [3][-]{subsubsection.220}{3.2.1.2. Gauss2 Debye1947}{subsection.192}% 40
\BOOKMARK [3][-]{subsubsection.222}{3.2.1.3. Gauss3 Debye1947}{subsection.192}% 41
\BOOKMARK [3][-]{subsubsection.225}{3.2.1.4. Polydisperse flexible polymers with Gaussian statistics Pedersen2002}{subsection.192}% 42
\BOOKMARK [3][-]{subsubsection.228}{3.2.1.5. generalized Gaussian coil Hammouda,Hammouda2012,Hammouda1993,Hammouda2016}{subsection.192}% 43
\BOOKMARK [3][-]{subsubsection.231}{3.2.1.6. generalized Gaussian coil 2 Hammouda,Hammouda2012}{subsection.192}% 44
\BOOKMARK [3][-]{subsubsection.234}{3.2.1.7. generalized Gaussian coil 3 Hammouda,Hammouda2012}{subsection.192}% 45
\BOOKMARK [2][-]{subsection.238}{3.2.2. Star polymer with Gaussian statistic according to Benoit Benoit53}{section.191}% 46
\BOOKMARK [2][-]{subsection.242}{3.2.3. Polydisperse star polymer with Gaussian statistics Burchard1974}{section.191}% 47
\BOOKMARK [2][-]{subsection.246}{3.2.4. Star polymer according to Dozier dozier91}{section.191}% 48
\BOOKMARK [